{"level":"error","message":"Middleware found bad token or provider. Token is not valid or provider is not valid.","timestamp":"2018-02-17T20:05:52.482Z"}
{"level":"error","message":"Something went wrong at middleware, aborting.","timestamp":"2018-02-17T20:05:52.484Z"}
{"level":"error","message":"Middleware found bad token or provider. Token is not valid or provider is not valid.","timestamp":"2018-02-17T20:10:16.110Z"}
{"level":"error","message":"Something went wrong at middleware, aborting.","timestamp":"2018-02-17T20:10:16.111Z"}
{"level":"error","message":"Middleware found bad token or provider. Token is not valid or provider is not valid.","timestamp":"2018-02-17T20:12:16.121Z"}
{"level":"error","message":"Something went wrong at middleware, aborting.","timestamp":"2018-02-17T20:12:16.121Z"}
{"level":"error","message":"Middleware found bad token or provider. Token is not valid or provider is not valid.","timestamp":"2018-02-17T20:13:52.985Z"}
{"level":"error","message":"Something went wrong at middleware, aborting.","timestamp":"2018-02-17T20:13:52.986Z"}
{"level":"error","message":"Middleware found bad token or provider. Token is not valid or provider is not valid.","timestamp":"2018-02-17T20:13:56.543Z"}
{"level":"error","message":"Something went wrong at middleware, aborting.","timestamp":"2018-02-17T20:13:56.543Z"}
{"level":"error","message":"Middleware found bad token or provider. Token is not valid or provider is not valid.","timestamp":"2018-02-17T20:14:10.627Z"}
{"level":"error","message":"Something went wrong at middleware, aborting.","timestamp":"2018-02-17T20:14:10.627Z"}
{"level":"error","message":"Middleware found bad token or provider. Token is not valid or provider is not valid.","timestamp":"2018-02-17T20:14:30.291Z"}
{"level":"error","message":"Something went wrong at middleware, aborting.","timestamp":"2018-02-17T20:14:30.296Z"}
{"level":"error","message":"Middleware found bad token or provider. Token is not valid or provider is not valid.","timestamp":"2018-02-17T20:27:54.716Z"}
{"level":"error","message":"Something went wrong at middleware, aborting.","timestamp":"2018-02-17T20:27:54.718Z"}
{"level":"error","message":"Middleware found bad token or provider. Token is not valid or provider is not valid.","timestamp":"2018-02-17T20:32:13.270Z"}
{"level":"error","message":"Something went wrong at middleware, aborting.","timestamp":"2018-02-17T20:32:13.272Z"}
{"token":"EAAC2htLrJo4BAPVZBThkG8oiVhjjrtUsPr5sdLmsDlmKlMpY4NWHkVC2DCxVw28sXZCOlPP1S26YJVudZAbcuZB3WRRq3my3ZCR02m3F9BKI5b21acb2NVLaZCZCC88Sn4HX55HjH5ZBQ1d435ZB1VhyKhvKy0ZBdR8N7TIBbeCzXRZAhJIGHUWip1ZBDcuxZA1q5ZBX7LpyrUgKTvrAZDZD","provider":"FACEBOOK","level":"error","message":"Non Admin token tried to access security zone. ","timestamp":"2018-02-17T20:35:26.589Z"}
{"token":"EAAC2htLrJo4BAPVZBThkG8oiVhjjrtUsPr5sdLmsDlmKlMpY4NWHkVC2DCxVw28sXZCOlPP1S26YJVudZAbcuZB3WRRq3my3ZCR02m3F9BKI5b21acb2NVLaZCZCC88Sn4HX55HjH5ZBQ1d435ZB1VhyKhvKy0ZBdR8N7TIBbeCzXRZAhJIGHUWip1ZBDcuxZA1q5ZBX7LpyrUgKTvrAZDZD","provider":"FACEBOOK","level":"error","message":"Non Admin token tried to access security zone. ","timestamp":"2018-02-17T20:35:30.937Z"}
{"level":"error","message":"Middleware found bad token or provider. Token is not valid or provider is not valid.","timestamp":"2018-03-10T20:04:27.240Z"}
{"level":"error","message":"Something went wrong at middleware, aborting.","timestamp":"2018-03-10T20:04:27.248Z"}
{"token":"1","level":"error","message":"Middleware found bad token or provider. Token is not valid or provider is not valid.","timestamp":"2018-03-10T20:04:38.044Z"}
{"level":"error","message":"Something went wrong at middleware, aborting.","timestamp":"2018-03-10T20:04:38.046Z"}
{"token":"EAAC2htLrJo4BAAtCpoCoCukxOR8FE8atfRGzcd1CFYda6TN77FDZC4EE9EzqMRxoBki4gxQc9oWXZBoZCDoEnb4JsZBq4ugkcXXXIoW0KmnmZBPZAFVZBW8UIsJsu5pO2xIlZBDzES3NZCrIQzZBN3RlYzyZB8ht3MXKnlbt5MMQupxt62dFjSdWW3QGX0iLJeKZB4kW3NNA9tTkOgZDZD","level":"error","message":"Middleware found bad token or provider. Token is not valid or provider is not valid.","timestamp":"2018-03-10T20:05:11.089Z"}
{"level":"error","message":"Something went wrong at middleware, aborting.","timestamp":"2018-03-10T20:05:11.089Z"}
{"token":"ya29.Glt1BSkgLimwK_Z9JxDipcn5f7tEPJSlHR_uf1iGFqjh7TA3hA2Tfe_7JzcMH7Cfo7RZwO6dnCZuD_G2BWUkpmuHxM-h9cXU3BBsWj2sxGr3u62EkFggNjxWBiCX","level":"error","message":"Middleware found bad token or provider. Token is not valid or provider is not valid.","timestamp":"2018-03-10T20:05:46.322Z"}
{"level":"error","message":"Something went wrong at middleware, aborting.","timestamp":"2018-03-10T20:05:46.322Z"}
{"token":"EAAC2htLrJo4BAAtCpoCoCukxOR8FE8atfRGzcd1CFYda6TN77FDZC4EE9EzqMRxoBki4gxQc9oWXZBoZCDoEnb4JsZBq4ugkcXXXIoW0KmnmZBPZAFVZBW8UIsJsu5pO2xIlZBDzES3NZCrIQzZBN3RlYzyZB8ht3MXKnlbt5MMQupxt62dFjSdWW3QGX0iLJeKZB4kW3NNA9tTkOgZDZD","level":"error","message":"Middleware found bad token or provider. Token is not valid or provider is not valid.","timestamp":"2018-03-10T20:05:58.529Z"}
{"level":"error","message":"Something went wrong at middleware, aborting.","timestamp":"2018-03-10T20:05:58.530Z"}
{"level":"error","message":"Model is not valid. teacher/getbyuserid/","timestamp":"2018-03-10T20:06:29.057Z"}
{"age":25,"userID":"1957366814278979","email":"mmoshikoo@gmail.com","priceTo":150,"lastName":"Binieli","phoneNumber":null,"priceFrom":85,"firstName":"Moshe","personalMessage":"Heyy people, I updated it!","level":"error","message":"Model is not valid. teacher/update","timestamp":"2018-03-16T13:29:33.392Z"}
{"age":25,"userID":"1957366814278979","email":"mmoshikoo@gmail.com","priceTo":150,"lastName":"Binieli","phoneNumber":null,"priceFrom":85,"firstName":"Moshe","personalMessage":"Heyy people, I updated it!","level":"error","message":"Model is not valid. teacher/update","timestamp":"2018-03-16T13:30:47.971Z"}
{"age":25,"userID":"1957366814278979","email":"mmoshikoo@gmail.com","priceTo":150,"lastName":"Binieli","phoneNumber":null,"priceFrom":85,"firstName":"Moshe","personalMessage":"Heyy people, I updated it!","level":"error","message":"Model is not valid. teacher/update","timestamp":"2018-03-16T13:31:07.643Z"}
{"phone":"0542477052","email":"mmoshikoo@gmail.com","userID":"1957366814278979","lastName":"Binieli","firstName":"Moshe","personalMessage":"Heyy people, I updated it!","age":25,"priceTo":150,"priceFrom":85,"level":"error","message":"Model is not valid. teacher/update","timestamp":"2018-03-16T19:04:29.860Z"}
