{"level":"info","message":"Enter teacher/getall","timestamp":"2017-11-11T12:08:47.681Z"}
{"level":"info","message":"Out teacher/getall","timestamp":"2017-11-11T12:08:47.687Z"}
{"level":"info","message":"Enter teacher/getall","timestamp":"2017-11-11T12:12:19.237Z"}
{"level":"info","message":"Out teacher/getall","timestamp":"2017-11-11T12:12:19.241Z"}
{"level":"info","message":"Enter contactus/create","timestamp":"2017-11-11T12:13:02.788Z"}
{"level":"info","message":"Enter contactus/create","timestamp":"2017-11-11T12:13:02.792Z"}
{"level":"info","message":"Enter teacher/getall","timestamp":"2017-11-11T12:13:05.334Z"}
{"level":"info","message":"Out teacher/getall","timestamp":"2017-11-11T12:13:05.335Z"}
{"level":"info","message":"Enter teacher/addrecommend","timestamp":"2017-11-11T12:13:30.202Z"}
{"level":"info","message":"Out teacher/addrecommend","timestamp":"2017-11-11T12:13:30.204Z"}
{"level":"info","message":"Enter teacher/search","timestamp":"2017-11-11T12:13:42.968Z"}
{"level":"info","message":"Out teacher/search","timestamp":"2017-11-11T12:13:42.969Z"}
{"level":"info","message":"Enter teacher/getall","timestamp":"2017-11-11T12:17:13.828Z"}
{"level":"info","message":"Out teacher/getall","timestamp":"2017-11-11T12:17:13.834Z"}
{"level":"info","message":"Enter teacher/addrecommend","timestamp":"2017-11-11T12:17:50.166Z"}
{"level":"info","message":"Out teacher/addrecommend","timestamp":"2017-11-11T12:17:50.168Z"}
{"level":"info","message":"Enter teacher/getlistofteachersbyid","timestamp":"2017-11-11T12:17:54.477Z"}
{"level":"info","message":"Out teacher/getlistofteachersbyid","timestamp":"2017-11-11T12:17:54.478Z"}
{"level":"info","message":"Enter teacher/getlistofteachersbyid","timestamp":"2017-11-11T12:19:47.799Z"}
{"level":"info","message":"Out teacher/getlistofteachersbyid","timestamp":"2017-11-11T12:19:47.805Z"}
