{"level":"debug","message":"Enter Auth Router auth/doesuserexistbyid","timestamp":"2018-02-17T19:55:44.905Z"}
{"level":"debug","message":"Enter Middleware","timestamp":"2018-02-17T20:05:52.481Z"}
{"level":"debug","message":"Enter Middleware","timestamp":"2018-02-17T20:10:16.109Z"}
{"level":"debug","message":"Enter Middleware","timestamp":"2018-02-17T20:12:16.120Z"}
{"level":"debug","message":"Enter Middleware","timestamp":"2018-02-17T20:13:52.985Z"}
{"level":"debug","message":"Enter Middleware","timestamp":"2018-02-17T20:13:56.543Z"}
{"level":"debug","message":"Enter Middleware","timestamp":"2018-02-17T20:14:10.627Z"}
{"level":"debug","message":"Enter Middleware","timestamp":"2018-02-17T20:14:30.289Z"}
{"level":"debug","message":"Enter Auth Router auth/doesuserexistbyid","timestamp":"2018-02-17T20:14:37.601Z"}
{"level":"debug","message":"Enter Middleware","timestamp":"2018-02-17T20:14:41.001Z"}
{"level":"debug","message":"Enter Middleware","timestamp":"2018-02-17T20:15:42.518Z"}
{"level":"debug","message":"Enter Middleware","timestamp":"2018-02-17T20:16:05.585Z"}
{"level":"debug","message":"Enter Middleware","timestamp":"2018-02-17T20:25:05.835Z"}
{"level":"debug","message":"Enter Middleware","timestamp":"2018-02-17T20:27:33.714Z"}
{"level":"debug","message":"Enter Middleware","timestamp":"2018-02-17T20:27:54.716Z"}
{"level":"debug","message":"Enter User Middleware","timestamp":"2018-02-17T20:32:13.269Z"}
{"level":"debug","message":"Enter Auth Router auth/doesuserexistbyid","timestamp":"2018-02-17T20:32:43.380Z"}
{"level":"debug","message":"Enter User Middleware","timestamp":"2018-02-17T20:32:49.082Z"}
{"level":"debug","message":"Enter User Middleware","timestamp":"2018-02-17T20:35:04.314Z"}
{"level":"debug","message":"Enter User Middleware","timestamp":"2018-02-17T20:35:25.974Z"}
{"level":"debug","message":"Enter User Middleware","timestamp":"2018-02-17T20:35:30.468Z"}
{"level":"debug","message":"Enter Teacher Router teacher/getall","timestamp":"2018-02-17T20:40:47.156Z"}
{"level":"debug","message":"Enter User Middleware","timestamp":"2018-02-17T20:41:16.425Z"}
{"level":"debug","message":"Enter Auth Router auth/doesuserexistbyid","timestamp":"2018-02-17T20:45:47.984Z"}
{"level":"debug","message":"Enter Auth Router auth/doesuserexistbyid","timestamp":"2018-02-17T20:50:32.131Z"}
{"level":"debug","message":"Enter Auth Router auth/doesuserexistbyid","timestamp":"2018-02-17T20:52:02.796Z"}
{"level":"debug","message":"Enter Auth Router auth/doesuserexistbyid","timestamp":"2018-02-17T20:58:36.709Z"}
{"level":"debug","message":"Enter Auth Router auth/doesuserexistbyid","timestamp":"2018-02-17T21:01:16.758Z"}
{"level":"debug","message":"Enter Teacher Router teacher/getall","timestamp":"2018-02-18T14:32:37.160Z"}
{"level":"debug","message":"Enter Teacher Router teacher/getall","timestamp":"2018-02-18T14:32:49.727Z"}
{"level":"debug","message":"Enter Image Router image/getimagebyid","timestamp":"2018-02-18T14:32:50.913Z"}
{"level":"debug","message":"Enter Auth Router auth/doesuserexistbyid","timestamp":"2018-02-18T14:47:15.299Z"}
{"level":"debug","message":"Enter Auth Router auth/doesuserexistbyid","timestamp":"2018-02-18T14:48:20.919Z"}
{"level":"debug","message":"Enter Auth Router auth/doesuserexistbyid","timestamp":"2018-02-18T14:48:37.621Z"}
{"level":"debug","message":"Enter Auth Router auth/createnewuser","timestamp":"2018-02-18T14:48:38.270Z"}
{"level":"debug","message":"Enter Auth Router auth/doesuserexistbyid","timestamp":"2018-02-18T14:49:10.003Z"}
{"level":"debug","message":"Enter Auth Router auth/doesuserexistbyid","timestamp":"2018-02-18T14:51:03.311Z"}
{"level":"debug","message":"Enter Auth Router auth/createnewuser","timestamp":"2018-02-18T14:51:04.292Z"}
{"level":"debug","message":"Enter Auth Router auth/doesuserexistbyid","timestamp":"2018-02-18T14:51:16.649Z"}
{"level":"debug","message":"Enter Auth Router auth/doesuserexistbyid","timestamp":"2018-02-18T14:51:40.893Z"}
{"level":"debug","message":"Enter Auth Router auth/createnewuser","timestamp":"2018-02-18T14:51:41.551Z"}
{"level":"debug","message":"Enter Teacher Router teacher/create","timestamp":"2018-02-18T14:52:07.695Z"}
{"level":"debug","message":"Enter Auth Router auth/doesuserexistbyid","timestamp":"2018-02-18T14:52:22.452Z"}
{"level":"debug","message":"Enter Auth Router auth/doesuserexistbyid","timestamp":"2018-03-10T19:43:15.934Z"}
{"level":"debug","message":"Enter Teacher Router teacher/getbyuserid 1","timestamp":"2018-03-10T20:00:04.537Z"}
{"level":"debug","message":"Enter Teacher Router teacher/getbyuserid 1957366814278979","timestamp":"2018-03-10T20:00:21.144Z"}
{"level":"debug","message":"Enter User Middleware","timestamp":"2018-03-10T20:04:27.239Z"}
{"level":"debug","message":"Enter User Middleware","timestamp":"2018-03-10T20:04:38.044Z"}
{"level":"debug","message":"Enter User Middleware","timestamp":"2018-03-10T20:05:11.089Z"}
{"level":"debug","message":"Enter User Middleware","timestamp":"2018-03-10T20:05:46.321Z"}
{"level":"debug","message":"Enter User Middleware","timestamp":"2018-03-10T20:05:58.529Z"}
{"level":"debug","message":"Enter User Middleware","timestamp":"2018-03-10T20:06:28.494Z"}
{"level":"debug","message":"Enter Teacher Router teacher/getbyuserid undefined","timestamp":"2018-03-10T20:06:29.056Z"}
{"level":"debug","message":"Enter User Middleware","timestamp":"2018-03-10T20:07:22.776Z"}
{"level":"debug","message":"Enter Teacher Router teacher/getteacherbytoken","timestamp":"2018-03-10T20:07:24.392Z"}
{"level":"debug","message":"Enter User Middleware","timestamp":"2018-03-10T20:09:43.002Z"}
{"level":"debug","message":"Enter Teacher Router teacher/getteacherbytoken","timestamp":"2018-03-10T20:09:43.569Z"}
{"level":"debug","message":"Enter Auth Router auth/doesuserexistbyid","timestamp":"2018-03-10T20:10:22.395Z"}
{"level":"debug","message":"Enter User Middleware","timestamp":"2018-03-10T20:10:22.985Z"}
{"level":"debug","message":"Enter Teacher Router teacher/getteacherbytoken","timestamp":"2018-03-10T20:10:23.382Z"}
{"level":"debug","message":"Enter User Middleware","timestamp":"2018-03-10T20:11:01.883Z"}
{"level":"debug","message":"Enter Teacher Router teacher/getteacherbytoken","timestamp":"2018-03-10T20:11:02.498Z"}
{"level":"debug","message":"Enter Auth Router auth/doesuserexistbyid","timestamp":"2018-03-10T20:14:43.589Z"}
{"level":"debug","message":"Enter User Middleware","timestamp":"2018-03-10T20:14:44.181Z"}
{"level":"debug","message":"Enter Teacher Router teacher/getteacherbytoken","timestamp":"2018-03-10T20:14:44.642Z"}
{"level":"debug","message":"Enter Auth Router auth/doesuserexistbyid","timestamp":"2018-03-10T20:22:36.927Z"}
{"level":"debug","message":"Enter User Middleware","timestamp":"2018-03-10T20:22:37.480Z"}
{"level":"debug","message":"Enter Teacher Router teacher/getteacherbytoken","timestamp":"2018-03-10T20:22:37.876Z"}
{"level":"debug","message":"Enter Auth Router auth/doesuserexistbyid","timestamp":"2018-03-10T20:27:36.657Z"}
{"level":"debug","message":"Enter User Middleware","timestamp":"2018-03-10T20:27:37.322Z"}
{"level":"debug","message":"Enter Teacher Router teacher/getteacherbytoken","timestamp":"2018-03-10T20:27:37.686Z"}
{"level":"debug","message":"Enter Auth Router auth/doesuserexistbyid","timestamp":"2018-03-10T20:28:14.205Z"}
{"level":"debug","message":"Enter User Middleware","timestamp":"2018-03-10T20:28:15.002Z"}
{"level":"debug","message":"Enter Teacher Router teacher/getteacherbytoken","timestamp":"2018-03-10T20:28:15.405Z"}
{"level":"debug","message":"Enter Auth Router auth/doesuserexistbyid","timestamp":"2018-03-10T20:29:12.767Z"}
{"level":"debug","message":"Enter User Middleware","timestamp":"2018-03-10T20:29:13.372Z"}
{"level":"debug","message":"Enter Teacher Router teacher/getteacherbytoken","timestamp":"2018-03-10T20:29:13.765Z"}
{"level":"debug","message":"Enter Auth Router auth/doesuserexistbyid","timestamp":"2018-03-10T20:29:37.817Z"}
{"level":"debug","message":"Enter Auth Router auth/doesuserexistbyid","timestamp":"2018-03-10T20:30:48.334Z"}
{"level":"debug","message":"Enter User Middleware","timestamp":"2018-03-10T20:30:48.875Z"}
{"level":"debug","message":"Enter Teacher Router teacher/getteacherbytoken","timestamp":"2018-03-10T20:30:49.246Z"}
{"level":"debug","message":"Enter Auth Router auth/doesuserexistbyid","timestamp":"2018-03-10T20:31:03.099Z"}
{"level":"debug","message":"Enter User Middleware","timestamp":"2018-03-10T20:31:03.613Z"}
{"level":"debug","message":"Enter Teacher Router teacher/getteacherbytoken","timestamp":"2018-03-10T20:31:04.007Z"}
{"level":"debug","message":"Enter User Middleware","timestamp":"2018-03-10T20:31:18.919Z"}
{"level":"debug","message":"Enter Teacher Router teacher/getteacherbytoken","timestamp":"2018-03-10T20:31:19.311Z"}
{"level":"debug","message":"Enter Auth Router auth/doesuserexistbyid","timestamp":"2018-03-10T20:42:10.043Z"}
{"level":"debug","message":"Enter User Middleware","timestamp":"2018-03-10T20:42:10.606Z"}
{"level":"debug","message":"Enter Teacher Router teacher/getteacherbytoken","timestamp":"2018-03-10T20:42:10.992Z"}
{"level":"debug","message":"Enter Auth Router auth/doesuserexistbyid","timestamp":"2018-03-10T20:42:36.358Z"}
{"level":"debug","message":"Enter User Middleware","timestamp":"2018-03-10T20:42:36.914Z"}
{"level":"debug","message":"Enter Teacher Router teacher/getteacherbytoken","timestamp":"2018-03-10T20:42:37.314Z"}
{"level":"debug","message":"Enter Auth Router auth/doesuserexistbyid","timestamp":"2018-03-10T20:43:30.253Z"}
{"level":"debug","message":"Enter User Middleware","timestamp":"2018-03-10T20:43:30.797Z"}
{"level":"debug","message":"Enter Teacher Router teacher/getteacherbytoken","timestamp":"2018-03-10T20:43:31.193Z"}
